{
  "RSpec": {
    "coverage": {
      "/Users/randy_darsh/Turing/3module/projects/apicurious/app/helpers/application_helper.rb": [
        1,
        null
      ],
      "/Users/randy_darsh/Turing/3module/projects/apicurious/app/models/user.rb": [
        1,
        null,
        1,
        4,
        4,
        null,
        null,
        null,
        null,
        null,
        null,
        null,
        null,
        4,
        4,
        null,
        null,
        null
      ],
      "/Users/randy_darsh/Turing/3module/projects/apicurious/app/models/application_record.rb": [
        1,
        1,
        null
      ],
      "/Users/randy_darsh/Turing/3module/projects/apicurious/app/controllers/welcome_controller.rb": [
        1,
        1,
        null
      ],
      "/Users/randy_darsh/Turing/3module/projects/apicurious/app/controllers/application_controller.rb": [
        1,
        1,
        1,
        null,
        1,
        6,
        null,
        null
      ],
      "/Users/randy_darsh/Turing/3module/projects/apicurious/app/controllers/sessions_controller.rb": [
        1,
        null,
        1,
        3,
        3,
        3,
        null,
        null,
        1,
        1,
        1,
        null,
        null,
        null
      ],
      "/Users/randy_darsh/Turing/3module/projects/apicurious/app/controllers/dashboard_controller.rb": [
        1,
        null,
        1,
        3,
        3,
        3,
        3,
        3,
        3,
        null,
        null,
        null
      ],
      "/Users/randy_darsh/Turing/3module/projects/apicurious/app/services/github_service.rb": [
        1,
        null,
        1,
        15,
        15,
        15,
        15,
        15,
        null,
        null,
        null,
        1,
        3,
        3,
        null,
        null,
        1,
        3,
        3,
        null,
        null,
        1,
        3,
        3,
        null,
        null,
        1,
        3,
        3,
        3,
        3,
        null,
        3,
        null,
        null,
        1,
        3,
        3,
        3,
        3,
        null,
        3,
        null,
        null,
        1,
        3,
        3,
        null,
        null,
        1,
        null,
        1,
        null,
        null
      ]
    },
    "timestamp": 1512608419
  }
}
